2020-01-14 13:35:56,543 INFO o.a.j.u.JMeterUtils: Setting Locale to en_EN
2020-01-14 13:35:56,558 INFO o.a.j.JMeter: Loading user properties from: user.properties
2020-01-14 13:35:56,558 INFO o.a.j.JMeter: Loading system properties from: system.properties
2020-01-14 13:35:56,558 INFO o.a.j.JMeter: Copyright (c) 1998-2019 The Apache Software Foundation
2020-01-14 13:35:56,558 INFO o.a.j.JMeter: Version 5.2.1
2020-01-14 13:35:56,558 INFO o.a.j.JMeter: java.version=1.8.0_221
2020-01-14 13:35:56,558 INFO o.a.j.JMeter: java.vm.name=Java HotSpot(TM) Client VM
2020-01-14 13:35:56,558 INFO o.a.j.JMeter: os.name=Windows 10
2020-01-14 13:35:56,558 INFO o.a.j.JMeter: os.arch=x86
2020-01-14 13:35:56,558 INFO o.a.j.JMeter: os.version=10.0
2020-01-14 13:35:56,558 INFO o.a.j.JMeter: file.encoding=Cp1252
2020-01-14 13:35:56,558 INFO o.a.j.JMeter: java.awt.headless=true
2020-01-14 13:35:56,558 INFO o.a.j.JMeter: Max memory     =1073741824
2020-01-14 13:35:56,558 INFO o.a.j.JMeter: Available Processors =4
2020-01-14 13:35:56,558 INFO o.a.j.JMeter: Default Locale=English (EN)
2020-01-14 13:35:56,558 INFO o.a.j.JMeter: JMeter  Locale=English (EN)
2020-01-14 13:35:56,558 INFO o.a.j.JMeter: JMeterHome=C:\Users\AABrar\Desktop\JMeter\apache-jmeter-5.2.1
2020-01-14 13:35:56,558 INFO o.a.j.JMeter: user.dir  =C:\Users\AABrar\Desktop\JMeter\apache-jmeter-5.2.1\bin
2020-01-14 13:35:56,558 INFO o.a.j.JMeter: PWD       =C:\Users\AABrar\Desktop\JMeter\apache-jmeter-5.2.1\bin
2020-01-14 13:35:56,558 INFO o.a.j.JMeter: IP: 10.70.241.31 Name: LAP121-71443 FullName: LAP121-71443.corp.pediatrix.net
2020-01-14 13:35:56,574 INFO o.a.j.r.RmiUtils: System property 'java.rmi.server.hostname' is not defined, using localHost address
2020-01-14 13:35:56,574 INFO o.a.j.r.RmiUtils: Local IP address=10.70.241.31
2020-01-14 13:35:56,574 ERROR o.a.j.JMeter: Giving up, as server failed with:
java.rmi.server.ExportException: Listen failed on port: 0; nested exception is: 
	java.io.FileNotFoundException: rmi_keystore.jks (The system cannot find the file specified)
	at sun.rmi.transport.tcp.TCPTransport.listen(Unknown Source) ~[?:1.8.0_221]
	at sun.rmi.transport.tcp.TCPTransport.exportObject(Unknown Source) ~[?:1.8.0_221]
	at sun.rmi.transport.tcp.TCPEndpoint.exportObject(Unknown Source) ~[?:1.8.0_221]
	at sun.rmi.transport.LiveRef.exportObject(Unknown Source) ~[?:1.8.0_221]
	at sun.rmi.server.UnicastServerRef.exportObject(Unknown Source) ~[?:1.8.0_221]
	at java.rmi.server.UnicastRemoteObject.exportObject(Unknown Source) ~[?:1.8.0_221]
	at java.rmi.server.UnicastRemoteObject.exportObject(Unknown Source) ~[?:1.8.0_221]
	at java.rmi.server.UnicastRemoteObject.<init>(Unknown Source) ~[?:1.8.0_221]
	at org.apache.jmeter.engine.RemoteJMeterEngineImpl.<init>(RemoteJMeterEngineImpl.java:67) ~[ApacheJMeter_core.jar:5.2.1]
	at org.apache.jmeter.engine.RemoteJMeterEngineImpl.startServer(RemoteJMeterEngineImpl.java:73) ~[ApacheJMeter_core.jar:5.2.1]
	at org.apache.jmeter.JMeter.start(JMeter.java:522) [ApacheJMeter_core.jar:5.2.1]
	at sun.reflect.NativeMethodAccessorImpl.invoke0(Native Method) ~[?:1.8.0_221]
	at sun.reflect.NativeMethodAccessorImpl.invoke(Unknown Source) ~[?:1.8.0_221]
	at sun.reflect.DelegatingMethodAccessorImpl.invoke(Unknown Source) ~[?:1.8.0_221]
	at java.lang.reflect.Method.invoke(Unknown Source) ~[?:1.8.0_221]
	at org.apache.jmeter.NewDriver.main(NewDriver.java:253) [ApacheJMeter.jar:5.2.1]
Caused by: java.io.FileNotFoundException: rmi_keystore.jks (The system cannot find the file specified)
	at java.io.FileInputStream.open0(Native Method) ~[?:1.8.0_221]
	at java.io.FileInputStream.open(Unknown Source) ~[?:1.8.0_221]
	at java.io.FileInputStream.<init>(Unknown Source) ~[?:1.8.0_221]
	at java.io.FileInputStream.<init>(Unknown Source) ~[?:1.8.0_221]
	at org.apache.jmeter.rmi.SSLRMIServerSocketFactory.loadStore(SSLRMIServerSocketFactory.java:148) ~[ApacheJMeter_core.jar:5.2.1]
	at org.apache.jmeter.rmi.SSLRMIServerSocketFactory.createServerSocket(SSLRMIServerSocketFactory.java:100) ~[ApacheJMeter_core.jar:5.2.1]
	at sun.rmi.transport.tcp.TCPEndpoint.newServerSocket(Unknown Source) ~[?:1.8.0_221]
	... 16 more
2020-01-14 13:35:56,574 ERROR o.a.j.JMeter: An error occurred: 
java.rmi.server.ExportException: Listen failed on port: 0; nested exception is: 
	java.io.FileNotFoundException: rmi_keystore.jks (The system cannot find the file specified)
	at sun.rmi.transport.tcp.TCPTransport.listen(Unknown Source) ~[?:1.8.0_221]
	at sun.rmi.transport.tcp.TCPTransport.exportObject(Unknown Source) ~[?:1.8.0_221]
	at sun.rmi.transport.tcp.TCPEndpoint.exportObject(Unknown Source) ~[?:1.8.0_221]
	at sun.rmi.transport.LiveRef.exportObject(Unknown Source) ~[?:1.8.0_221]
	at sun.rmi.server.UnicastServerRef.exportObject(Unknown Source) ~[?:1.8.0_221]
	at java.rmi.server.UnicastRemoteObject.exportObject(Unknown Source) ~[?:1.8.0_221]
	at java.rmi.server.UnicastRemoteObject.exportObject(Unknown Source) ~[?:1.8.0_221]
	at java.rmi.server.UnicastRemoteObject.<init>(Unknown Source) ~[?:1.8.0_221]
	at org.apache.jmeter.engine.RemoteJMeterEngineImpl.<init>(RemoteJMeterEngineImpl.java:67) ~[ApacheJMeter_core.jar:5.2.1]
	at org.apache.jmeter.engine.RemoteJMeterEngineImpl.startServer(RemoteJMeterEngineImpl.java:73) ~[ApacheJMeter_core.jar:5.2.1]
	at org.apache.jmeter.JMeter.start(JMeter.java:522) [ApacheJMeter_core.jar:5.2.1]
	at sun.reflect.NativeMethodAccessorImpl.invoke0(Native Method) ~[?:1.8.0_221]
	at sun.reflect.NativeMethodAccessorImpl.invoke(Unknown Source) ~[?:1.8.0_221]
	at sun.reflect.DelegatingMethodAccessorImpl.invoke(Unknown Source) ~[?:1.8.0_221]
	at java.lang.reflect.Method.invoke(Unknown Source) ~[?:1.8.0_221]
	at org.apache.jmeter.NewDriver.main(NewDriver.java:253) [ApacheJMeter.jar:5.2.1]
Caused by: java.io.FileNotFoundException: rmi_keystore.jks (The system cannot find the file specified)
	at java.io.FileInputStream.open0(Native Method) ~[?:1.8.0_221]
	at java.io.FileInputStream.open(Unknown Source) ~[?:1.8.0_221]
	at java.io.FileInputStream.<init>(Unknown Source) ~[?:1.8.0_221]
	at java.io.FileInputStream.<init>(Unknown Source) ~[?:1.8.0_221]
	at org.apache.jmeter.rmi.SSLRMIServerSocketFactory.loadStore(SSLRMIServerSocketFactory.java:148) ~[ApacheJMeter_core.jar:5.2.1]
	at org.apache.jmeter.rmi.SSLRMIServerSocketFactory.createServerSocket(SSLRMIServerSocketFactory.java:100) ~[ApacheJMeter_core.jar:5.2.1]
	at sun.rmi.transport.tcp.TCPEndpoint.newServerSocket(Unknown Source) ~[?:1.8.0_221]
	... 16 more
